---------------------------------------------------------------
[ 2022-01-04T00:30:11+08:00 ] 20.187.113.236 GET app.990829.cn/
[ info ] [ SESSION ] INIT array (
  'id' => '',
  'var_session_id' => '',
  'prefix' => 'think',
  'type' => '',
  'auto_start' => true,
)
---------------------------------------------------------------
[ 2022-01-04T00:30:33+08:00 ] 20.187.113.236 GET app.990829.cn/
[ info ] [ SESSION ] INIT array (
  'id' => '',
  'var_session_id' => '',
  'prefix' => 'think',
  'type' => '',
  'auto_start' => true,
)
---------------------------------------------------------------
[ 2022-01-04T00:30:57+08:00 ] 20.187.113.236 GET app.990829.cn/
[ info ] [ SESSION ] INIT array (
  'id' => '',
  'var_session_id' => '',
  'prefix' => 'think',
  'type' => '',
  'auto_start' => true,
)
---------------------------------------------------------------
[ 2022-01-04T00:53:17+08:00 ] 20.187.113.236 GET app.990829.cn/
[ info ] [ SESSION ] INIT array (
  'id' => '',
  'var_session_id' => '',
  'prefix' => 'think',
  'type' => '',
  'auto_start' => true,
)
---------------------------------------------------------------
[ 2022-01-04T00:53:45+08:00 ] 20.187.113.236 GET app.990829.cn/mogai_api.php/v1.user/appConfig?type=1
[ info ] [ SESSION ] INIT array (
  'id' => '',
  'var_session_id' => '',
  'prefix' => 'think',
  'type' => '',
  'auto_start' => true,
)
---------------------------------------------------------------
[ 2022-01-04T00:53:45+08:00 ] 20.187.113.236 GET app.990829.cn/mogai_api.php/v1.user/appConfig?type=2
[ info ] [ SESSION ] INIT array (
  'id' => '',
  'var_session_id' => '',
  'prefix' => 'think',
  'type' => '',
  'auto_start' => true,
)
---------------------------------------------------------------
[ 2022-01-04T00:53:45+08:00 ] 20.187.113.236 GET app.990829.cn/mogai_api.php/v1.main/startup
[ info ] [ SESSION ] INIT array (
  'id' => '',
  'var_session_id' => '',
  'prefix' => 'think',
  'type' => '',
  'auto_start' => true,
)
---------------------------------------------------------------
[ 2022-01-04T00:54:34+08:00 ] 20.187.113.236 GET app.990829.cn/api.php/timming/index?t=0.7412710350441014
[ info ] [ SESSION ] INIT array (
  'id' => '',
  'var_session_id' => '',
  'prefix' => 'think',
  'type' => '',
  'auto_start' => true,
)
---------------------------------------------------------------
[ 2022-01-04T00:54:36+08:00 ] 20.187.113.236 GET app.990829.cn/voddetail/159973.html
[ info ] [ SESSION ] INIT array (
  'id' => '',
  'var_session_id' => '',
  'prefix' => 'think',
  'type' => '',
  'auto_start' => true,
)
---------------------------------------------------------------
[ 2022-01-04T00:54:37+08:00 ] 20.187.113.236 GET app.990829.cn/index.php/user/ajax_ulog/?ac=set&mid=1&id=159973&sid=0&nid=0&type=1
[ info ] [ SESSION ] INIT array (
  'id' => '',
  'var_session_id' => '',
  'prefix' => 'think',
  'type' => '',
  'auto_start' => true,
)
---------------------------------------------------------------
[ 2022-01-04T00:54:58+08:00 ] 20.187.113.236 GET app.990829.cn/api.php/timming/index?t=0.3529866921638585
[ info ] [ SESSION ] INIT array (
  'id' => '',
  'var_session_id' => '',
  'prefix' => 'think',
  'type' => '',
  'auto_start' => true,
)
---------------------------------------------------------------
[ 2022-01-04T00:55:00+08:00 ] 20.187.113.236 GET app.990829.cn/vodplay/159973-4-1.html
[ info ] [ SESSION ] INIT array (
  'id' => '',
  'var_session_id' => '',
  'prefix' => 'think',
  'type' => '',
  'auto_start' => true,
)
---------------------------------------------------------------
[ 2022-01-04T00:55:01+08:00 ] 20.187.113.236 GET app.990829.cn/vodplay/159973-4-1.html
[ info ] [ SESSION ] INIT array (
  'id' => '',
  'var_session_id' => '',
  'prefix' => 'think',
  'type' => '',
  'auto_start' => true,
)
---------------------------------------------------------------
[ 2022-01-04T00:55:02+08:00 ] 20.187.113.236 GET app.990829.cn/index.php/comment/ajax.html?rid=159973&mid=1&page=1
[ info ] [ SESSION ] INIT array (
  'id' => '',
  'var_session_id' => '',
  'prefix' => 'think',
  'type' => '',
  'auto_start' => true,
)
---------------------------------------------------------------
[ 2022-01-04T00:55:02+08:00 ] 20.187.113.236 GET app.990829.cn/index.php/user/ajax_ulog/?ac=set&mid=1&id=159973&sid=4&nid=1&type=4
[ info ] [ SESSION ] INIT array (
  'id' => '',
  'var_session_id' => '',
  'prefix' => 'think',
  'type' => '',
  'auto_start' => true,
)
---------------------------------------------------------------
[ 2022-01-04T00:55:17+08:00 ] 20.187.113.236 GET app.990829.cn/mogai_api.php/v1.groupchat
[ info ] [ SESSION ] INIT array (
  'id' => '',
  'var_session_id' => '',
  'prefix' => 'think',
  'type' => '',
  'auto_start' => true,
)
---------------------------------------------------------------
[ 2022-01-04T00:55:17+08:00 ] 20.187.113.236 GET app.990829.cn/mogai_api.php/v1.topic/topicList
[ info ] [ SESSION ] INIT array (
  'id' => '',
  'var_session_id' => '',
  'prefix' => 'think',
  'type' => '',
  'auto_start' => true,
)
---------------------------------------------------------------
[ 2022-01-04T00:55:17+08:00 ] 20.187.113.236 GET app.990829.cn/mogai_api.php/v1.vod/types
[ info ] [ SESSION ] INIT array (
  'id' => '',
  'var_session_id' => '',
  'prefix' => 'think',
  'type' => '',
  'auto_start' => true,
)
---------------------------------------------------------------
[ 2022-01-04T00:55:17+08:00 ] 20.187.113.236 GET app.990829.cn/mogai_api.php/v1.zhibo
[ info ] [ SESSION ] INIT array (
  'id' => '',
  'var_session_id' => '',
  'prefix' => 'think',
  'type' => '',
  'auto_start' => true,
)
---------------------------------------------------------------
[ 2022-01-04T00:55:17+08:00 ] 20.187.113.236 GET app.990829.cn/mogai_api.php/v1.vod/types
[ info ] [ SESSION ] INIT array (
  'id' => '',
  'var_session_id' => '',
  'prefix' => 'think',
  'type' => '',
  'auto_start' => true,
)
---------------------------------------------------------------
[ 2022-01-04T00:55:17+08:00 ] 20.187.113.236 GET app.990829.cn/mogai_api.php/v1.vod?level=9
[ info ] [ SESSION ] INIT array (
  'id' => '',
  'var_session_id' => '',
  'prefix' => 'think',
  'type' => '',
  'auto_start' => true,
)
---------------------------------------------------------------
[ 2022-01-04T00:55:18+08:00 ] 20.187.113.236 GET app.990829.cn/mogai_api.php/v1.main/version?version=v3.3.4&os=1
[ info ] [ SESSION ] INIT array (
  'id' => '',
  'var_session_id' => '',
  'prefix' => 'think',
  'type' => '',
  'auto_start' => true,
)
---------------------------------------------------------------
[ 2022-01-04T00:55:19+08:00 ] 20.187.113.236 GET app.990829.cn/mogai_api.php/v1.vod/vodphb?order_by=vod_hits%20desc&type=1&page=1&limit=20
[ info ] [ SESSION ] INIT array (
  'id' => '',
  'var_session_id' => '',
  'prefix' => 'think',
  'type' => '',
  'auto_start' => true,
)
---------------------------------------------------------------
[ 2022-01-04T00:55:21+08:00 ] 20.187.113.236 GET app.990829.cn/mogai_api.php/v1.vod/vodPhbAll
[ info ] [ SESSION ] INIT array (
  'id' => '',
  'var_session_id' => '',
  'prefix' => 'think',
  'type' => '',
  'auto_start' => true,
)
---------------------------------------------------------------
[ 2022-01-04T00:55:23+08:00 ] 20.187.113.236 GET app.990829.cn/api.php/timming/index?t=0.42732996636211706
[ info ] [ SESSION ] INIT array (
  'id' => '',
  'var_session_id' => '',
  'prefix' => 'think',
  'type' => '',
  'auto_start' => true,
)
---------------------------------------------------------------
[ 2022-01-04T00:55:23+08:00 ] 20.187.113.236 GET app.990829.cn/index.php/ajax/hits?mid=1&id=159973&type=update
[ info ] [ SESSION ] INIT array (
  'id' => '',
  'var_session_id' => '',
  'prefix' => 'think',
  'type' => '',
  'auto_start' => true,
)
---------------------------------------------------------------
[ 2022-01-04T00:55:28+08:00 ] 20.187.113.236 GET app.990829.cn/mogai_api.php/v1.vod/vodPhbAll
[ info ] [ SESSION ] INIT array (
  'id' => '',
  'var_session_id' => '',
  'prefix' => 'think',
  'type' => '',
  'auto_start' => true,
)
---------------------------------------------------------------
[ 2022-01-04T00:55:34+08:00 ] 20.187.113.236 GET app.990829.cn/mogai_api.php/v1.vod/vodPhbAll
[ info ] [ SESSION ] INIT array (
  'id' => '',
  'var_session_id' => '',
  'prefix' => 'think',
  'type' => '',
  'auto_start' => true,
)
---------------------------------------------------------------
[ 2022-01-04T00:55:38+08:00 ] 20.187.113.236 GET app.990829.cn/mogai_api.php/v1.vod/vodPhbAll
[ info ] [ SESSION ] INIT array (
  'id' => '',
  'var_session_id' => '',
  'prefix' => 'think',
  'type' => '',
  'auto_start' => true,
)
---------------------------------------------------------------
[ 2022-01-04T00:55:42+08:00 ] 20.187.113.236 GET app.990829.cn/mogai_api.php/v1.vod/vodPhbAll
[ info ] [ SESSION ] INIT array (
  'id' => '',
  'var_session_id' => '',
  'prefix' => 'think',
  'type' => '',
  'auto_start' => true,
)
---------------------------------------------------------------
[ 2022-01-04T00:55:55+08:00 ] 20.187.113.236 GET app.990829.cn/mogai_api.php/v1.vod?type=1&level=8
[ info ] [ SESSION ] INIT array (
  'id' => '',
  'var_session_id' => '',
  'prefix' => 'think',
  'type' => '',
  'auto_start' => true,
)
---------------------------------------------------------------
[ 2022-01-04T00:55:56+08:00 ] 20.187.113.236 GET app.990829.cn/mogai_api.php/v1.vod/type?type_id=1
[ info ] [ SESSION ] INIT array (
  'id' => '',
  'var_session_id' => '',
  'prefix' => 'think',
  'type' => '',
  'auto_start' => true,
)
---------------------------------------------------------------
[ 2022-01-04T00:56:00+08:00 ] 20.187.113.236 GET app.990829.cn/mogai_api.php/v1.vod/type?type_id=1
[ info ] [ SESSION ] INIT array (
  'id' => '',
  'var_session_id' => '',
  'prefix' => 'think',
  'type' => '',
  'auto_start' => true,
)
---------------------------------------------------------------
[ 2022-01-04T00:56:03+08:00 ] 20.187.113.236 GET app.990829.cn/mogai_api.php/v1.vod/type?type_id=1
[ info ] [ SESSION ] INIT array (
  'id' => '',
  'var_session_id' => '',
  'prefix' => 'think',
  'type' => '',
  'auto_start' => true,
)
---------------------------------------------------------------
[ 2022-01-04T00:56:07+08:00 ] 20.187.113.236 GET app.990829.cn/mogai_api.php/v1.vod/type?type_id=1
[ info ] [ SESSION ] INIT array (
  'id' => '',
  'var_session_id' => '',
  'prefix' => 'think',
  'type' => '',
  'auto_start' => true,
)
---------------------------------------------------------------
[ 2022-01-04T00:56:12+08:00 ] 20.187.113.236 GET app.990829.cn/mogai_api.php/v1.vod/type?type_id=1
[ info ] [ SESSION ] INIT array (
  'id' => '',
  'var_session_id' => '',
  'prefix' => 'think',
  'type' => '',
  'auto_start' => true,
)
